[debug] [2023-01-12T00:39:58.735Z] ----------------------------------------------------------------------
[debug] [2023-01-12T00:39:58.736Z] Command:       /usr/local/bin/node /usr/local/bin/firebase init
[debug] [2023-01-12T00:39:58.736Z] CLI Version:   11.20.0
[debug] [2023-01-12T00:39:58.737Z] Platform:      darwin
[debug] [2023-01-12T00:39:58.737Z] Node Version:  v18.12.1
[debug] [2023-01-12T00:39:58.740Z] Time:          Wed Jan 11 2023 19:39:58 GMT-0500 (Eastern Standard Time)
[debug] [2023-01-12T00:39:58.741Z] ----------------------------------------------------------------------
[debug] 
[debug] [2023-01-12T00:39:58.743Z] > command requires scopes: ["email","openid","https://www.googleapis.com/auth/cloudplatformprojects.readonly","https://www.googleapis.com/auth/firebase","https://www.googleapis.com/auth/cloud-platform"]
[debug] [2023-01-12T00:39:58.743Z] > authorizing via signed-in user (judyzhou12345@gmail.com)
[info] 
     ######## #### ########  ######## ########     ###     ######  ########
     ##        ##  ##     ## ##       ##     ##  ##   ##  ##       ##
     ######    ##  ########  ######   ########  #########  ######  ######
     ##        ##  ##    ##  ##       ##     ## ##     ##       ## ##
     ##       #### ##     ## ######## ########  ##     ##  ######  ########

You're about to initialize a Firebase project in this directory:

  /Users/judyzhou/Desktop/code braindump TT/personal-site/personal-site/personal-site

[info] 
=== Project Setup
[info] 
[info] First, let's associate this project directory with a Firebase project.
[info] You can create multiple project aliases by running firebase use --add, 
[info] but for now we'll just set up a default project.
[info] 
[debug] [2023-01-12T00:40:06.871Z] >>> [apiv2][query] GET https://firebase.googleapis.com/v1beta1/projects pageSize=100
[debug] [2023-01-12T00:40:07.345Z] <<< [apiv2][status] GET https://firebase.googleapis.com/v1beta1/projects 200
[debug] [2023-01-12T00:40:07.345Z] <<< [apiv2][body] GET https://firebase.googleapis.com/v1beta1/projects [omitted]
[info] i  Using project judy-site (judy-site) 
[info] 
=== Hosting Setup
[info] 
[info] Your public directory is the folder (relative to your project directory) that
[info] will contain Hosting assets to be uploaded with firebase deploy. If you
[info] have a build process for your assets, use your build's output directory.
[info] 
